<?xml version="1.0" encoding="UTF-8"?>
<!-- Generated by org.testng.reporters.JUnitReportReporter -->
<testsuite name="com.package1.TestFirstAppTest" tests="1" time="19.442" ignored="0" failures="0" timestamp="20 May 2017 07:48:57 GMT" skipped="0" hostname="ashish-HP" errors="0">
  <testcase name="FirstTest" time="19.442" classname="com.package1.TestFirstAppTest"/>
</testsuite> <!-- com.package1.TestFirstAppTest -->
