<?xml version="1.0" encoding="UTF-8"?>
<!-- Generated by org.testng.reporters.JUnitReportReporter -->
<testsuite name="com.package1.TestFirstAppTest" tests="1" time="28.833" ignored="0" failures="0" timestamp="20 May 2017 08:41:58 GMT" skipped="0" hostname="ashish-HP" errors="0">
  <testcase name="FirstTest" time="28.833" classname="com.package1.TestFirstAppTest"/>
</testsuite> <!-- com.package1.TestFirstAppTest -->
